<?xml version="1.0" encoding="UTF-8"?>
<!-- Generated by org.testng.reporters.JUnitReportReporter -->
<testsuite hostname="LM-SJN-00877409" name="ml.shifu.core.util.JexlTest" tests="4" failures="0" timestamp="10 Nov 2014 16:56:50 GMT" time="0.050" errors="0">
  <testcase name="testJavaDouble" time="0.049" classname="ml.shifu.core.util.JexlTest"/>
  <testcase name="testJavaExpressionNum" time="0.000" classname="ml.shifu.core.util.JexlTest"/>
  <testcase name="testJavaNull" time="0.001" classname="ml.shifu.core.util.JexlTest"/>
  <testcase name="testJavaExpressionString" time="0.000" classname="ml.shifu.core.util.JexlTest"/>
</testsuite> <!-- ml.shifu.core.util.JexlTest -->
