<?xml version="1.0" encoding="UTF-8"?>
<!-- Generated by org.testng.reporters.JUnitReportReporter -->
<testsuite hostname="LM-SJN-00877409" name="ml.shifu.core.util.EnvironmentTest" tests="1" failures="0" timestamp="10 Nov 2014 16:56:50 GMT" time="0.002" errors="0">
  <testcase name="testLoadShifuConfig" time="0.002" classname="ml.shifu.core.util.EnvironmentTest"/>
</testsuite> <!-- ml.shifu.core.util.EnvironmentTest -->
