<?xml version="1.0" encoding="UTF-8"?>
<!-- Generated by org.testng.reporters.JUnitReportReporter -->
<testsuite hostname="LM-SJN-00877409" name="ml.shifu.core.di.spi.ColumnRawStatsCalculatorTest" tests="1" failures="0" timestamp="10 Nov 2014 16:56:50 GMT" time="0.021" errors="0">
  <testcase name="testRawValueObjectScreener" time="0.021" classname="ml.shifu.core.di.spi.ColumnRawStatsCalculatorTest"/>
</testsuite> <!-- ml.shifu.core.di.spi.ColumnRawStatsCalculatorTest -->
