<?xml version="1.0" encoding="UTF-8"?>
<!-- Generated by org.testng.reporters.JUnitReportReporter -->
<testsuite hostname="LM-SJN-00877409" name="ml.shifu.core.util.QuickSortTest" tests="2" failures="0" timestamp="10 Nov 2014 16:56:50 GMT" time="0.001" errors="0">
  <testcase name="testQuickSortComparator" time="0.001" classname="ml.shifu.core.util.QuickSortTest"/>
  <testcase name="testQuickSortComparable" time="0.000" classname="ml.shifu.core.util.QuickSortTest"/>
</testsuite> <!-- ml.shifu.core.util.QuickSortTest -->
