<?xml version="1.0" encoding="UTF-8"?>
<!-- Generated by org.testng.reporters.JUnitReportReporter -->
<testsuite hostname="LM-SJN-00877409" name="ml.shifu.core.di.spi.ColumnNumBinningCalculatorTest" tests="2" failures="0" timestamp="10 Nov 2014 16:56:50 GMT" time="0.007" errors="0">
  <testcase name="testTotalPercentileNumericalBinning" time="0.001" classname="ml.shifu.core.di.spi.ColumnNumBinningCalculatorTest"/>
  <testcase name="testEqualPositiveNumericalBinning" time="0.006" classname="ml.shifu.core.di.spi.ColumnNumBinningCalculatorTest"/>
</testsuite> <!-- ml.shifu.core.di.spi.ColumnNumBinningCalculatorTest -->
